<?xml version="1.0" encoding="UTF-8"?>
<!-- Generated by org.testng.reporters.JUnitReportReporter -->
<testsuite hostname="MinhLy1698" name="com.pkg.parameters.ParaClass" tests="1" failures="0" timestamp="3 Feb 2016 07:50:14 GMT" time="0.156" errors="0">
  <testcase name="excel" time="0.156" classname="com.pkg.parameters.ParaClass"/>
</testsuite> <!-- com.pkg.parameters.ParaClass -->
