<?xml version="1.0" encoding="UTF-8"?>
<!-- Generated by org.testng.reporters.JUnitReportReporter -->
<testsuite hostname="MinhLy1698" name="com.pkg.pa.ExcelClass" tests="1" failures="0" timestamp="4 Feb 2016 02:16:52 GMT" time="0.158" errors="0">
  <testcase name="ExcelMethod" time="0.158" classname="com.pkg.pa.ExcelClass"/>
</testsuite> <!-- com.pkg.pa.ExcelClass -->
