<?xml version="1.0" encoding="UTF-8"?>
<!-- Generated by org.testng.reporters.JUnitReportReporter -->
<testsuite hostname="minh" name="com.pkg.test.LogInTest" tests="8" failures="0" timestamp="14 Feb 2016 17:01:06 GMT" time="46.411" errors="0">
  <testcase name="LogInTestMethod" time="6.049" classname="com.pkg.test.LogInTest"/>
  <testcase name="LogInTestMethod" time="5.281" classname="com.pkg.test.LogInTest"/>
  <testcase name="LogInTestMethod" time="5.876" classname="com.pkg.test.LogInTest"/>
  <testcase name="LogInTestMethod" time="6.399" classname="com.pkg.test.LogInTest"/>
  <testcase name="LogInTestMethod" time="5.694" classname="com.pkg.test.LogInTest"/>
  <testcase name="LogInTestMethod" time="5.523" classname="com.pkg.test.LogInTest"/>
  <testcase name="LogInTestMethod" time="4.962" classname="com.pkg.test.LogInTest"/>
  <testcase name="LogInTestMethod" time="6.627" classname="com.pkg.test.LogInTest"/>
</testsuite> <!-- com.pkg.test.LogInTest -->
